[www.java8.jobs4times.com/index.html]
[backblue.gif]
[fade.gif]
[index.html]
[www.java8.jobs4times.com/header.js]
[www.java8.jobs4times.com/lambda-expressions.html]
[www.java8.jobs4times.com/functional-interfaces.html]
[www.java8.jobs4times.com/Functional-Interface-Vs-Lambda-Expressions.html]
[www.java8.jobs4times.com/Anonymous-inner-classes-vs-Lambda-Expressions.html]
[www.java8.jobs4times.com/default-methods-in-interfaces.html]
[www.java8.jobs4times.com/static-methods-in-interfaces.html]
[www.java8.jobs4times.com/predicate.html]
[www.java8.jobs4times.com/functions.html]
[www.java8.jobs4times.com/double-colon-operator.html]
[www.java8.jobs4times.com/stream-api.html]
[www.java8.jobs4times.com/index.html]
[www.java8.jobs4times.com/joda-time-api.html]
[www.java8.jobs4times.com/java8.css]
[www.java8.jobs4times.com/lambda-expressions.html]
[www.java8.jobs4times.com/functional-interfaces.html]
[www.java8.jobs4times.com/Functional-Interface-Vs-Lambda-Expressions.html]
[www.java8.jobs4times.com/Anonymous-inner-classes-vs-Lambda-Expressions.html]
[www.java8.jobs4times.com/default-methods-in-interfaces.html]
[www.java8.jobs4times.com/static-methods-in-interfaces.html]
[www.java8.jobs4times.com/predicate.html]
[www.java8.jobs4times.com/functions.html]
[www.java8.jobs4times.com/consumer.html]
[www.java8.jobs4times.com/supplier.html]
[www.java8.jobs4times.com/double-colon-operator.html]
[www.java8.jobs4times.com/stream-api.html]
[www.java8.jobs4times.com/joda-time-api.html]
